<?xml version="1.0" encoding="UTF-8"?>
<!-- Generated by org.testng.reporters.JUnitXMLReporter -->
<testsuite hostname="LAPTOP-76PGCCB3" ignored="0" name="DataDriven Tests" tests="4" failures="0" timestamp="2021-05-09T11:58:48 IST" time="24.915" errors="0">
  <testcase name="@AfterMethod tearDown" time="0.002" classname="testBase.BaseTest">
    <failure type="java.lang.NullPointerException">
      <![CDATA[java.lang.NullPointerException
at testBase.BaseTest.tearDown(BaseTest.java:140)
at java.util.concurrent.ThreadPoolExecutor.runWorker(ThreadPoolExecutor.java:1149)
at java.util.concurrent.ThreadPoolExecutor$Worker.run(ThreadPoolExecutor.java:624)
at java.lang.Thread.run(Thread.java:748)
... Removed 17 stack frames]]>
    </failure>
  </testcase> <!-- @AfterMethod tearDown -->
  <testcase name="@AfterMethod tearDown" time="-1.620541720267E9" classname="testBase.BaseTest">
    <skipped/>
  </testcase> <!-- @AfterMethod tearDown -->
  <testcase name="@AfterMethod tearDown" time="-1.620541722771E9" classname="testBase.BaseTest">
    <skipped/>
  </testcase> <!-- @AfterMethod tearDown -->
  <testcase name="@AfterMethod tearDown" time="-1.620541728554E9" classname="testBase.BaseTest">
    <skipped/>
  </testcase> <!-- @AfterMethod tearDown -->
  <testcase name="@AfterClass afterClass" time="-1.620541728556E9" classname="testBase.BaseTest">
    <skipped/>
  </testcase> <!-- @AfterClass afterClass -->
  <testcase name="GoogleTest" time="14.23" classname="threadlocalbakappa.ParallelTestingThreadLocal2"/>
  <testcase name="FacebookTest" time="16.615" classname="threadlocalbakappa.ParallelTestingThreadLocal2"/>
  <testcase name="MyntraTest" time="19.118" classname="threadlocalbakappa.ParallelTestingThreadLocal2"/>
  <testcase name="FlipkartTest" time="24.901" classname="threadlocalbakappa.ParallelTestingThreadLocal2"/>
</testsuite> <!-- DataDriven Tests -->
