<?xml version="1.0" encoding="UTF-8"?>
<!-- Generated by org.testng.reporters.JUnitXMLReporter -->
<testsuite hostname="LAPTOP-76PGCCB3" ignored="0" name="LoginTests1" tests="8" failures="0" timestamp="2021-05-09T17:55:44 IST" time="133.504" errors="0">
  <testcase name="FacebookTest" time="17.095" classname="Tests.ParallelTestingThreadLocal2"/>
  <testcase name="FacebookTest" time="18.754" classname="Tests.ParallelTestingThreadLocal"/>
  <testcase name="FlipkartTest" time="27.339" classname="Tests.ParallelTestingThreadLocal"/>
  <testcase name="FlipkartTest" time="28.899" classname="Tests.ParallelTestingThreadLocal2"/>
  <testcase name="GoogleTest" time="13.418" classname="Tests.ParallelTestingThreadLocal2"/>
  <testcase name="GoogleTest" time="13.983" classname="Tests.ParallelTestingThreadLocal"/>
  <testcase name="MyntraTest" time="70.285" classname="Tests.ParallelTestingThreadLocal"/>
  <testcase name="MyntraTest" time="70.701" classname="Tests.ParallelTestingThreadLocal2"/>
</testsuite> <!-- LoginTests1 -->
