<?xml version="1.0" encoding="UTF-8"?>
<!-- Generated by org.testng.reporters.JUnitXMLReporter -->
<testsuite hostname="LAPTOP-76PGCCB3" ignored="3" name="Test" tests="8" failures="0" timestamp="2021-05-09T11:47:17 IST" time="41.428" errors="0">
  <testcase name="@AfterMethod tearDown" time="0.0" classname="testBase.BaseTest">
    <failure type="java.lang.NullPointerException">
      <![CDATA[java.lang.NullPointerException
at testBase.BaseTest.tearDown(BaseTest.java:140)
at java.util.concurrent.ThreadPoolExecutor.runWorker(ThreadPoolExecutor.java:1149)
at java.util.concurrent.ThreadPoolExecutor$Worker.run(ThreadPoolExecutor.java:624)
at java.lang.Thread.run(Thread.java:748)
... Removed 17 stack frames]]>
    </failure>
  </testcase> <!-- @AfterMethod tearDown -->
  <testcase name="@AfterMethod tearDown" time="-1.620541015239E9" classname="testBase.BaseTest">
    <skipped/>
  </testcase> <!-- @AfterMethod tearDown -->
  <testcase name="@AfterMethod tearDown" time="-1.620541018827E9" classname="testBase.BaseTest">
    <skipped/>
  </testcase> <!-- @AfterMethod tearDown -->
  <testcase name="@AfterMethod tearDown" time="0.001" classname="testBase.BaseTest">
    <failure type="java.lang.NullPointerException">
      <![CDATA[java.lang.NullPointerException
at testBase.BaseTest.tearDown(BaseTest.java:140)
at java.util.concurrent.ThreadPoolExecutor.runWorker(ThreadPoolExecutor.java:1149)
at java.util.concurrent.ThreadPoolExecutor$Worker.run(ThreadPoolExecutor.java:624)
at java.lang.Thread.run(Thread.java:748)
... Removed 17 stack frames]]>
    </failure>
  </testcase> <!-- @AfterMethod tearDown -->
  <testcase name="@BeforeMethod setUp" time="-1.620541020373E9" classname="testBase.BaseTest">
    <skipped/>
  </testcase> <!-- @BeforeMethod setUp -->
  <testcase name="@AfterMethod tearDown" time="-1.620541020383E9" classname="testBase.BaseTest">
    <skipped/>
  </testcase> <!-- @AfterMethod tearDown -->
  <testcase name="@AfterMethod tearDown" time="-1.620541026333E9" classname="testBase.BaseTest">
    <skipped/>
  </testcase> <!-- @AfterMethod tearDown -->
  <testcase name="@AfterMethod tearDown" time="-1.620541027795E9" classname="testBase.BaseTest">
    <skipped/>
  </testcase> <!-- @AfterMethod tearDown -->
  <testcase name="@AfterClass afterClass" time="-1.620541027797E9" classname="testBase.BaseTest">
    <skipped/>
  </testcase> <!-- @AfterClass afterClass -->
  <testcase name="@AfterMethod tearDown" time="-1.620541037372E9" classname="testBase.BaseTest">
    <skipped/>
  </testcase> <!-- @AfterMethod tearDown -->
  <testcase name="@AfterClass afterClass" time="-1.620541037374E9" classname="testBase.BaseTest">
    <skipped/>
  </testcase> <!-- @AfterClass afterClass -->
  <testcase name="FacebookTest" time="16.346" classname="threadlocalbakappa.ParallelTestingThreadLocal"/>
  <testcase name="GoogleTest" time="19.131" classname="threadlocalbakappa.ParallelTestingThreadLocal"/>
  <testcase name="FlipkartTest" time="22.722" classname="threadlocalbakappa.ParallelTestingThreadLocal"/>
  <testcase name="FacebookTest" time="7.895" classname="threadlocalbakappa.ParallelTestingThreadLocal2"/>
  <testcase name="MyntraTest" time="0.0" classname="threadlocalbakappa.ParallelTestingThreadLocal2">
    <skipped/>
  </testcase> <!-- MyntraTest -->
  <testcase name="FlipkartTest" time="11.09" classname="threadlocalbakappa.ParallelTestingThreadLocal2"/>
  <testcase name="GoogleTest" time="8.964" classname="threadlocalbakappa.ParallelTestingThreadLocal2"/>
  <testcase name="MyntraTest" time="41.267" classname="threadlocalbakappa.ParallelTestingThreadLocal"/>
  <testcase name="@BeforeSuite beforeSuite" time="0.0" classname="testBase.BaseTest">
    <ignored/>
  </testcase> <!-- @BeforeSuite beforeSuite -->
  <testcase name="@BeforeTest beforeTest" time="0.0" classname="testBase.BaseTest">
    <ignored/>
  </testcase> <!-- @BeforeTest beforeTest -->
  <testcase name="@AfterSuite testDown" time="0.0" classname="testBase.BaseTest">
    <ignored/>
  </testcase> <!-- @AfterSuite testDown -->
</testsuite> <!-- Test -->
